
> ttr-ai-supabase@0.0.0 build
> vite build

[36mvite v7.3.1 [32mbuilding client environment for production...[36m[39m
transforming...
[32m✓[39m 249 modules transformed.
rendering chunks...
computing gzip size...
[2mdist/[22m[32mregisterSW.js              [39m[1m[2m  0.13 kB[22m[1m[22m
[2mdist/[22m[32mmanifest.webmanifest       [39m[1m[2m  0.42 kB[22m[1m[22m
[2mdist/[22m[32mindex.html                 [39m[1m[2m  0.66 kB[22m[1m[22m[2m │ gzip:   0.39 kB[22m
[2mdist/[22m[32massets/logo-M6ZnTfnU.png   [39m[1m[2m 35.97 kB[22m[1m[22m
[2mdist/[22m[35massets/index-i1-XvXLS.css  [39m[1m[2m 17.89 kB[22m[1m[22m[2m │ gzip:   4.15 kB[22m
[2mdist/[22m[36massets/index-BjlauhxW.js   [39m[1m[33m573.66 kB[39m[22m[2m │ gzip: 173.76 kB[22m
[33m
(!) Some chunks are larger than 500 kB after minification. Consider:
- Using dynamic import() to code-split the application
- Use build.rollupOptions.output.manualChunks to improve chunking: https://rollupjs.org/configuration-options/#output-manualchunks
- Adjust chunk size limit for this warning via build.chunkSizeWarningLimit.[39m
[32m✓ built in 5.60s[39m

PWA v1.2.0
mode      generateSW
precache  6 entries (578.46 KiB)
files generated
  dist/sw.js
  dist/workbox-8c29f6e4.js
